<?xml version="1.0" encoding="UTF-8"?>
<!-- Generated by org.testng.reporters.JUnitReportReporter -->
<testsuite hostname="Lucifer" failures="0" tests="1" name="Tests.Tests" time="8.806" errors="0" timestamp="2021-01-31T10:16:57 IST" skipped="0">
  <testcase classname="Tests.Tests" name="Test_Case_1" time="8.806"/>
</testsuite> <!-- Tests.Tests -->
